<?xml version="1.0" encoding="UTF-8"?>
<testsuite xmlns:xsi="http://www.w3.org/2001/XMLSchema-instance" xsi:noNamespaceSchemaLocation="https://maven.apache.org/surefire/maven-surefire-plugin/xsd/surefire-test-report.xsd" name="TestSuite" time="1.221" tests="19" errors="0" skipped="9" failures="3">
  <properties>
    <property name="sun.desktop" value="windows"/>
    <property name="awt.toolkit" value="sun.awt.windows.WToolkit"/>
    <property name="file.encoding.pkg" value="sun.io"/>
    <property name="java.specification.version" value="1.8"/>
    <property name="sun.cpu.isalist" value="amd64"/>
    <property name="sun.jnu.encoding" value="Cp1252"/>
    <property name="java.class.path" value="C:\MockMavenTest\target\test-classes;C:\MockMavenTest\target\classes;C:\Users\A335211\.m2\repository\junit\junit\4.11\junit-4.11.jar;C:\Users\A335211\.m2\repository\org\hamcrest\hamcrest-core\1.3\hamcrest-core-1.3.jar;C:\Users\A335211\.m2\repository\org\mockito\mockito-core\3.0.0\mockito-core-3.0.0.jar;C:\Users\A335211\.m2\repository\net\bytebuddy\byte-buddy\1.9.10\byte-buddy-1.9.10.jar;C:\Users\A335211\.m2\repository\net\bytebuddy\byte-buddy-agent\1.9.10\byte-buddy-agent-1.9.10.jar;C:\Users\A335211\.m2\repository\org\objenesis\objenesis\2.6\objenesis-2.6.jar;C:\Users\A335211\.m2\repository\org\testng\testng\7.0.0\testng-7.0.0.jar;C:\Users\A335211\.m2\repository\com\beust\jcommander\1.72\jcommander-1.72.jar;C:\Users\A335211\.m2\repository\mysql\mysql-connector-java\8.0.16\mysql-connector-java-8.0.16.jar;C:\Users\A335211\.m2\repository\com\google\protobuf\protobuf-java\3.6.1\protobuf-java-3.6.1.jar;"/>
    <property name="java.vm.vendor" value="Oracle Corporation"/>
    <property name="sun.arch.data.model" value="64"/>
    <property name="user.variant" value=""/>
    <property name="java.vendor.url" value="http://java.oracle.com/"/>
    <property name="user.timezone" value="Europe/Berlin"/>
    <property name="user.country.format" value="SE"/>
    <property name="java.vm.specification.version" value="1.8"/>
    <property name="os.name" value="Windows 10"/>
    <property name="user.country" value="US"/>
    <property name="sun.java.launcher" value="SUN_STANDARD"/>
    <property name="sun.boot.library.path" value="C:\Program Files\Java\jdk1.8.0_221\jre\bin"/>
    <property name="sun.java.command" value="C:\Users\A335211\AppData\Local\Temp\surefire5021068182178375458\surefirebooter5103040313866346298.jar C:\Users\A335211\AppData\Local\Temp\surefire5021068182178375458 2019-09-09T15-21-30_484-jvmRun1 surefire2039598235875163691tmp surefire_05195043164088852064tmp"/>
    <property name="surefire.test.class.path" value="C:\MockMavenTest\target\test-classes;C:\MockMavenTest\target\classes;C:\Users\A335211\.m2\repository\junit\junit\4.11\junit-4.11.jar;C:\Users\A335211\.m2\repository\org\hamcrest\hamcrest-core\1.3\hamcrest-core-1.3.jar;C:\Users\A335211\.m2\repository\org\mockito\mockito-core\3.0.0\mockito-core-3.0.0.jar;C:\Users\A335211\.m2\repository\net\bytebuddy\byte-buddy\1.9.10\byte-buddy-1.9.10.jar;C:\Users\A335211\.m2\repository\net\bytebuddy\byte-buddy-agent\1.9.10\byte-buddy-agent-1.9.10.jar;C:\Users\A335211\.m2\repository\org\objenesis\objenesis\2.6\objenesis-2.6.jar;C:\Users\A335211\.m2\repository\org\testng\testng\7.0.0\testng-7.0.0.jar;C:\Users\A335211\.m2\repository\com\beust\jcommander\1.72\jcommander-1.72.jar;C:\Users\A335211\.m2\repository\mysql\mysql-connector-java\8.0.16\mysql-connector-java-8.0.16.jar;C:\Users\A335211\.m2\repository\com\google\protobuf\protobuf-java\3.6.1\protobuf-java-3.6.1.jar;"/>
    <property name="sun.cpu.endian" value="little"/>
    <property name="user.home" value="C:\Users\A335211"/>
    <property name="user.language" value="en"/>
    <property name="java.specification.vendor" value="Oracle Corporation"/>
    <property name="java.home" value="C:\Program Files\Java\jdk1.8.0_221\jre"/>
    <property name="basedir" value="C:\MockMavenTest"/>
    <property name="file.separator" value="\"/>
    <property name="line.separator" value="&#10;"/>
    <property name="java.vm.specification.vendor" value="Oracle Corporation"/>
    <property name="java.specification.name" value="Java Platform API Specification"/>
    <property name="java.awt.graphicsenv" value="sun.awt.Win32GraphicsEnvironment"/>
    <property name="surefire.real.class.path" value="C:\Users\A335211\AppData\Local\Temp\surefire5021068182178375458\surefirebooter5103040313866346298.jar"/>
    <property name="sun.boot.class.path" value="C:\Program Files\Java\jdk1.8.0_221\jre\lib\resources.jar;C:\Program Files\Java\jdk1.8.0_221\jre\lib\rt.jar;C:\Program Files\Java\jdk1.8.0_221\jre\lib\sunrsasign.jar;C:\Program Files\Java\jdk1.8.0_221\jre\lib\jsse.jar;C:\Program Files\Java\jdk1.8.0_221\jre\lib\jce.jar;C:\Program Files\Java\jdk1.8.0_221\jre\lib\charsets.jar;C:\Program Files\Java\jdk1.8.0_221\jre\lib\jfr.jar;C:\Program Files\Java\jdk1.8.0_221\jre\classes"/>
    <property name="user.script" value=""/>
    <property name="sun.management.compiler" value="HotSpot 64-Bit Tiered Compilers"/>
    <property name="java.runtime.version" value="1.8.0_221-b11"/>
    <property name="user.name" value="a335211"/>
    <property name="path.separator" value=";"/>
    <property name="os.version" value="10.0"/>
    <property name="java.endorsed.dirs" value="C:\Program Files\Java\jdk1.8.0_221\jre\lib\endorsed"/>
    <property name="java.runtime.name" value="Java(TM) SE Runtime Environment"/>
    <property name="file.encoding" value="Cp1252"/>
    <property name="java.vm.name" value="Java HotSpot(TM) 64-Bit Server VM"/>
    <property name="localRepository" value="C:\Users\A335211\.m2\repository"/>
    <property name="java.vendor.url.bug" value="http://bugreport.sun.com/bugreport/"/>
    <property name="java.io.tmpdir" value="C:\Users\A335211\AppData\Local\Temp\"/>
    <property name="java.version" value="1.8.0_221"/>
    <property name="user.dir" value="C:\MockMavenTest"/>
    <property name="os.arch" value="amd64"/>
    <property name="java.vm.specification.name" value="Java Virtual Machine Specification"/>
    <property name="java.awt.printerjob" value="sun.awt.windows.WPrinterJob"/>
    <property name="user.language.format" value="sv"/>
    <property name="sun.os.patch.level" value=""/>
    <property name="java.library.path" value="C:\Program Files\Java\jdk1.8.0_221\jre\bin;C:\WINDOWS\Sun\Java\bin;C:\WINDOWS\system32;C:\WINDOWS;C:\Program Files\Git\mingw64\bin;C:\Program Files\Git\usr\bin;H:\bin;C:\Program Files\Java\jdk1.8.0_221\jre\bin;C:\Program Files\Java\jdk1.8.0_221\jre\bin\server;C:\Program Files (x86)\Common Files\Oracle\Java\javapath;C:\WINDOWS\system32;C:\WINDOWS;C:\WINDOWS\System32\Wbem;C:\WINDOWS\System32\WindowsPowerShell\v1.0;C:\Program Files (x86)\Windows Kits\10\Windows Performance Toolkit;C:\Program Files\Amazon\AWSCLI\bin;C:\Program Files\PuTTY;C:\Program Files\Git\cmd;C:\Program Files\Git\mingw64\libexec\git-core;C:\Maven\apache-maven-3.6.1\bin;C:\Program Files\Java\jdk1.8.0_221\bin;C:\Program Files\Git\usr\bin;C:\Program Files\nodejs;C:\Users\A335211\AppData\Local\Microsoft\WindowsApps;C:\Users\A335211\AppData\Local\atom\bin;C:\Users\A335211\AppData\Local\Programs\Microsoft VS Code\bin;C:\Users\A335211\AppData\Roaming\npm;."/>
    <property name="java.vm.info" value="mixed mode"/>
    <property name="java.vendor" value="Oracle Corporation"/>
    <property name="java.vm.version" value="25.221-b11"/>
    <property name="java.ext.dirs" value="C:\Program Files\Java\jdk1.8.0_221\jre\lib\ext;C:\WINDOWS\Sun\Java\lib\ext"/>
    <property name="sun.io.unicode.encoding" value="UnicodeLittle"/>
    <property name="java.class.version" value="52.0"/>
  </properties>
  <testcase name="SetUpClass" classname="com.fayaaz.ali.Integration.UserManagerITTest" time="0.397">
    <failure message="No suitable driver found for jdbc:h2:mem:test" type="java.sql.SQLException">java.sql.SQLException: No suitable driver found for jdbc:h2:mem:test
	at com.fayaaz.ali.Integration.UserManagerITTest.SetUpClass(UserManagerITTest.java:25)
</failure>
  </testcase>
  <testcase name="shouldReturnAnInstanceofUserManager" classname="com.fayaaz.ali.Integration.UserManagerITTest" time="0">
    <skipped message="No suitable driver found for jdbc:h2:mem:test"/>
  </testcase>
  <testcase name="shouldReturnListOfAllUsersWhenGetAllUsersCalled" classname="com.fayaaz.ali.Integration.UserManagerITTest" time="0">
    <skipped message="No suitable driver found for jdbc:h2:mem:test"/>
  </testcase>
  <testcase name="shouldReturnTrue" classname="com.fayaaz.ali.Integration.UserManagerITTest" time="0">
    <skipped message="No suitable driver found for jdbc:h2:mem:test"/>
  </testcase>
  <testcase name="TearDownClass" classname="com.fayaaz.ali.Integration.UserManagerITTest" time="0">
    <skipped/>
  </testcase>
  <testcase name="shouldAnswerWithTrue on shouldAnswerWithTrue(com.fayaaz.ali.AppTest)" classname="com.fayaaz.ali.AppTest" time="0"/>
  <testcase name="shouldReturnTwoWhenOnePlusOneCalledOnAdd on shouldReturnTwoWhenOnePlusOneCalledOnAdd(com.fayaaz.ali.CalculatorTest)" classname="com.fayaaz.ali.CalculatorTest" time="0.351"/>
  <testcase name="shouldReturnInstanceOfACalculator on shouldReturnInstanceOfACalculator(com.fayaaz.ali.CalculatorTest)" classname="com.fayaaz.ali.CalculatorTest" time="0.001"/>
  <testcase name="shouldReturnInstanceOfUserManager on shouldReturnInstanceOfUserManager(com.fayaaz.ali.managers.UserManagerTest)" classname="com.fayaaz.ali.managers.UserManagerTest" time="0.001"/>
  <testcase name="showReturnListOfUser on showReturnListOfUser(com.fayaaz.ali.managers.UserManagerTest)" classname="com.fayaaz.ali.managers.UserManagerTest" time="0.016"/>
  <testcase name="null on com.fayaaz.ali.repositories.UserRepositoriesTest" classname="com.fayaaz.ali.repositories.UserRepositoriesTest" time="0.021">
    <failure message="No suitable driver found for jdbc:h2:mem:test" type="java.sql.SQLException">java.sql.SQLException: No suitable driver found for jdbc:h2:mem:test
	at com.fayaaz.ali.repositories.UserRepositoriesTest.setupClass(UserRepositoriesTest.java:26)
</failure>
  </testcase>
  <testcase name="null on com.fayaaz.ali.repositories.UserRepositoriesTest" classname="com.fayaaz.ali.repositories.UserRepositoriesTest" time="0.021">
    <failure type="java.lang.NullPointerException">java.lang.NullPointerException
	at com.fayaaz.ali.repositories.UserRepositoriesTest.tearDownClass(UserRepositoriesTest.java:76)
</failure>
  </testcase>
  <testcase name="shouldTestSpy on shouldTestSpy(com.fayaaz.ali.repositories.UserRepositoriesTest)" classname="com.fayaaz.ali.repositories.UserRepositoriesTest" time="0">
    <skipped/>
  </testcase>
  <testcase name="shouldTestSpySecondCall on shouldTestSpySecondCall(com.fayaaz.ali.repositories.UserRepositoriesTest)" classname="com.fayaaz.ali.repositories.UserRepositoriesTest" time="0">
    <skipped/>
  </testcase>
  <testcase name="shouldReturnAllUserThenThrowSQLException on shouldReturnAllUserThenThrowSQLException(com.fayaaz.ali.repositories.UserRepositoriesTest)" classname="com.fayaaz.ali.repositories.UserRepositoriesTest" time="0">
    <skipped/>
  </testcase>
  <testcase name="shouldReturnAllUser on shouldReturnAllUser(com.fayaaz.ali.repositories.UserRepositoriesTest)" classname="com.fayaaz.ali.repositories.UserRepositoriesTest" time="0">
    <skipped/>
  </testcase>
  <testcase name="shouldReturnUserRepoImpl on shouldReturnUserRepoImpl(com.fayaaz.ali.repositories.UserRepositoriesTest)" classname="com.fayaaz.ali.repositories.UserRepositoriesTest" time="0">
    <skipped/>
  </testcase>
  <testcase name="ShouldReturnUserServiceImplementation on ShouldReturnUserServiceImplementation(com.fayaaz.ali.services.UserServiceTest)" classname="com.fayaaz.ali.services.UserServiceTest" time="0.015"/>
  <testcase name="shouldReturnListOfAllUsers on shouldReturnListOfAllUsers(com.fayaaz.ali.services.UserServiceTest)" classname="com.fayaaz.ali.services.UserServiceTest" time="0.003"/>
</testsuite>