<?xml version="1.0" encoding="UTF-8"?>
<!-- Generated by org.testng.reporters.JUnitReportReporter -->
<testsuite skipped="0" hostname="SEGOTW10383333" name="com.fayaaz.ali.services.UserServiceTest" tests="2" failures="0" timestamp="2019-09-09T15:21:32 CEST" time="0.033" errors="0">
  <testcase name="ShouldReturnUserServiceImplementation" time="0.015" classname="com.fayaaz.ali.services.UserServiceTest"/>
  <testcase name="shouldReturnListOfAllUsers" time="0.018" classname="com.fayaaz.ali.services.UserServiceTest"/>
</testsuite> <!-- com.fayaaz.ali.services.UserServiceTest -->
