<?xml version="1.0" encoding="UTF-8"?>
<!-- Generated by org.testng.reporters.JUnitReportReporter -->
<testsuite skipped="0" hostname="SEGOTW10383333" name="com.fayaaz.ali.CalculatorTest" tests="2" failures="0" timestamp="2019-09-09T15:21:32 CEST" time="0.705" errors="0">
  <testcase name="shouldReturnTwoWhenOnePlusOneCalledOnAdd" time="0.352" classname="com.fayaaz.ali.CalculatorTest"/>
  <testcase name="shouldReturnInstanceOfACalculator" time="0.353" classname="com.fayaaz.ali.CalculatorTest"/>
</testsuite> <!-- com.fayaaz.ali.CalculatorTest -->
