<?xml version="1.0" encoding="UTF-8"?>
<!-- Generated by org.testng.reporters.JUnitReportReporter -->
<testsuite skipped="0" hostname="SEGOTW10383333" name="com.fayaaz.ali.AppTest" tests="1" failures="0" timestamp="2019-09-09T15:21:32 CEST" time="0.004" errors="0">
  <testcase name="shouldAnswerWithTrue" time="0.004" classname="com.fayaaz.ali.AppTest"/>
</testsuite> <!-- com.fayaaz.ali.AppTest -->
